04082022 12:23:54 AM - LoginPage - INFO: Element Found
04082022 12:23:54 AM - LoginPage - INFO: Clicked on element with locator: Log In locator_type: link
04082022 12:23:55 AM - LoginPage - INFO: Element Found
04082022 12:23:55 AM - LoginPage - INFO: Element Found
04082022 12:23:55 AM - LoginPage - INFO: Element Found
04082022 12:23:56 AM - LoginPage - INFO: Send data on element with locator: capture_signIn_signInEmailAddress and locatorType: id
04082022 12:23:56 AM - LoginPage - INFO: Element Found
04082022 12:23:56 AM - LoginPage - INFO: Send data on element with locator: capture_signIn_currentPassword and locatorType: id
04082022 12:23:56 AM - LoginPage - INFO: Element Found
04082022 12:23:56 AM - LoginPage - INFO: Clicked on element with locator: sign-in-button locator_type: class
04082022 12:23:56 AM - LoginPage - INFO: Element Found
04082022 12:23:56 AM - LoginPage - INFO: Element Found
04082022 12:23:56 AM - LoginPage - INFO: Element Found
04082022 12:23:56 AM - LoginPage - INFO: Element Found
04082022 12:23:56 AM - LoginPage - INFO: Element Found
04082022 12:23:56 AM - LoginPage - INFO: Send data on element with locator: capture_signIn_signInEmailAddress and locatorType: id
04082022 12:23:56 AM - LoginPage - INFO: Element Found
04082022 12:23:56 AM - LoginPage - INFO: Send data on element with locator: capture_signIn_currentPassword and locatorType: id
04082022 12:23:56 AM - LoginPage - INFO: Element Found
04082022 12:23:56 AM - LoginPage - INFO: Clicked on element with locator: sign-in-button locator_type: class
04082022 12:23:56 AM - LoginPage - INFO: Element Found
04082022 12:23:56 AM - LoginPage - INFO: Element Found
04082022 12:23:59 AM - LoginPage - INFO: Element Found
04082022 12:23:59 AM - LoginPage - INFO: Element Found
04082022 12:23:59 AM - LoginPage - INFO: Element Found
04082022 12:23:59 AM - LoginPage - INFO: Send data on element with locator: capture_signIn_signInEmailAddress and locatorType: id
04082022 12:23:59 AM - LoginPage - INFO: Element Found
04082022 12:23:59 AM - LoginPage - INFO: Send data on element with locator: capture_signIn_currentPassword and locatorType: id
04082022 12:23:59 AM - LoginPage - INFO: Element Found
04082022 12:23:59 AM - LoginPage - INFO: Clicked on element with locator: sign-in-button locator_type: class
04082022 12:23:59 AM - TestStatus - ERROR: ### VERIFICATION FAILED Title is incorrect
04082022 12:24:08 AM - LoginPage - INFO: Element Found
04082022 12:24:08 AM - LoginPage - INFO: Element Found
04082022 12:24:08 AM - TestStatus - INFO: ### VERIFICATION SUCCESSFUL Login test was not successful
04082022 12:24:08 AM - TestStatus - ERROR: test_valid_login ### TEST FAILED
04082022 12:26:45 AM - LoginPage - INFO: Element Found
04082022 12:26:45 AM - LoginPage - INFO: Clicked on element with locator: Log In locator_type: link
04082022 12:26:47 AM - LoginPage - INFO: Element Found
04082022 12:26:47 AM - LoginPage - INFO: Element Found
04082022 12:26:47 AM - LoginPage - INFO: Element Found
04082022 12:26:47 AM - LoginPage - INFO: Send data on element with locator: capture_signIn_signInEmailAddress and locatorType: id
04082022 12:26:47 AM - LoginPage - INFO: Element Found
04082022 12:26:47 AM - LoginPage - INFO: Send data on element with locator: capture_signIn_currentPassword and locatorType: id
04082022 12:26:47 AM - LoginPage - INFO: Element Found
04082022 12:26:47 AM - LoginPage - INFO: Clicked on element with locator: sign-in-button locator_type: class
04082022 12:26:47 AM - LoginPage - INFO: Element Found
04082022 12:26:47 AM - LoginPage - INFO: Element Found
04082022 12:26:47 AM - LoginPage - INFO: Element Found
04082022 12:26:47 AM - LoginPage - INFO: Element Found
04082022 12:26:47 AM - LoginPage - INFO: Element Found
04082022 12:26:47 AM - LoginPage - INFO: Send data on element with locator: capture_signIn_signInEmailAddress and locatorType: id
04082022 12:26:47 AM - LoginPage - INFO: Element Found
04082022 12:26:47 AM - LoginPage - INFO: Send data on element with locator: capture_signIn_currentPassword and locatorType: id
04082022 12:26:47 AM - LoginPage - INFO: Element Found
04082022 12:26:48 AM - LoginPage - INFO: Clicked on element with locator: sign-in-button locator_type: class
04082022 12:26:48 AM - LoginPage - INFO: Element Found
04082022 12:26:48 AM - LoginPage - INFO: Element Found
04082022 12:26:51 AM - LoginPage - INFO: Element Found
04082022 12:26:51 AM - LoginPage - INFO: Element Found
04082022 12:26:51 AM - LoginPage - INFO: Element Found
04082022 12:26:51 AM - LoginPage - INFO: Send data on element with locator: capture_signIn_signInEmailAddress and locatorType: id
04082022 12:26:51 AM - LoginPage - INFO: Element Found
04082022 12:26:51 AM - LoginPage - INFO: Send data on element with locator: capture_signIn_currentPassword and locatorType: id
04082022 12:26:51 AM - LoginPage - INFO: Element Found
04082022 12:26:51 AM - LoginPage - INFO: Clicked on element with locator: sign-in-button locator_type: class
04082022 12:26:51 AM - LoginPage - ERROR: Beachbody Sign-In Stage
04082022 12:26:51 AM - TestStatus - ERROR: ### VERIFICATION FAILED Title is incorrect
04082022 12:27:00 AM - LoginPage - INFO: Element Found
04082022 12:27:00 AM - LoginPage - INFO: Element Found
04082022 12:27:00 AM - TestStatus - INFO: ### VERIFICATION SUCCESSFUL Login test was not successful
04082022 12:27:00 AM - TestStatus - ERROR: test_valid_login ### TEST FAILED
04082022 12:28:12 AM - LoginPage - INFO: Element Found
04082022 12:28:12 AM - LoginPage - INFO: Clicked on element with locator: Log In locator_type: link
04082022 12:28:14 AM - LoginPage - INFO: Element Found
04082022 12:28:14 AM - LoginPage - INFO: Element Found
04082022 12:28:14 AM - LoginPage - INFO: Element Found
04082022 12:28:14 AM - LoginPage - INFO: Send data on element with locator: capture_signIn_signInEmailAddress and locatorType: id
04082022 12:28:14 AM - LoginPage - INFO: Element Found
04082022 12:28:14 AM - LoginPage - INFO: Send data on element with locator: capture_signIn_currentPassword and locatorType: id
04082022 12:28:14 AM - LoginPage - INFO: Element Found
04082022 12:28:14 AM - LoginPage - INFO: Clicked on element with locator: sign-in-button locator_type: class
04082022 12:28:14 AM - LoginPage - INFO: Element Found
04082022 12:28:14 AM - LoginPage - INFO: Element Found
04082022 12:28:14 AM - LoginPage - INFO: Element Found
04082022 12:28:14 AM - LoginPage - INFO: Element Found
04082022 12:28:14 AM - LoginPage - INFO: Element Found
04082022 12:28:14 AM - LoginPage - INFO: Send data on element with locator: capture_signIn_signInEmailAddress and locatorType: id
04082022 12:28:14 AM - LoginPage - INFO: Element Found
04082022 12:28:14 AM - LoginPage - INFO: Send data on element with locator: capture_signIn_currentPassword and locatorType: id
04082022 12:28:14 AM - LoginPage - INFO: Element Found
04082022 12:28:14 AM - LoginPage - INFO: Clicked on element with locator: sign-in-button locator_type: class
04082022 12:28:14 AM - LoginPage - INFO: Element Found
04082022 12:28:14 AM - LoginPage - INFO: Element Found
04082022 12:28:16 AM - LoginPage - INFO: Element Found
04082022 12:28:17 AM - LoginPage - INFO: Element Found
04082022 12:28:17 AM - LoginPage - INFO: Element Found
04082022 12:28:17 AM - LoginPage - INFO: Send data on element with locator: capture_signIn_signInEmailAddress and locatorType: id
04082022 12:28:17 AM - LoginPage - INFO: Element Found
04082022 12:28:17 AM - LoginPage - INFO: Send data on element with locator: capture_signIn_currentPassword and locatorType: id
04082022 12:28:17 AM - LoginPage - INFO: Element Found
04082022 12:28:17 AM - LoginPage - INFO: Clicked on element with locator: sign-in-button locator_type: class
04082022 12:28:20 AM - TestStatus - INFO: ### VERIFICATION SUCCESSFUL Title is incorrect
04082022 12:28:24 AM - LoginPage - INFO: Element Found
04082022 12:28:24 AM - LoginPage - INFO: Element Found
04082022 12:28:24 AM - TestStatus - INFO: ### VERIFICATION SUCCESSFUL Login test was not successful
04082022 12:28:24 AM - TestStatus - INFO: test_valid_login ### TEST SUCCESSFUL
